Analysis & Synthesis report for main
Tue Jun 11 11:59:35 2024
Quartus Prime Version 17.1.0 Build 590 10/25/2017 SJ Lite Edition


---------------------
; Table of Contents ;
---------------------
  1. Legal Notice
  2. Analysis & Synthesis Summary
  3. Analysis & Synthesis Settings
  4. Parallel Compilation
  5. Analysis & Synthesis Source Files Read
  6. Analysis & Synthesis Resource Usage Summary
  7. Analysis & Synthesis Resource Utilization by Entity
  8. Analysis & Synthesis RAM Summary
  9. State Machine - |main|last_button
 10. Registers Removed During Synthesis
 11. General Register Statistics
 12. Registers Added for RAM Pass-Through Logic
 13. Registers Packed Into Inferred Megafunctions
 14. Multiplexer Restructuring Statistics (Restructuring Performed)
 15. Source assignments for buffer:blue_buffer|altsyncram:framebuffer_rtl_0|altsyncram_eql1:auto_generated
 16. Source assignments for buffer:green_buffer|altsyncram:framebuffer_rtl_0|altsyncram_eql1:auto_generated
 17. Source assignments for buffer:red_buffer|altsyncram:framebuffer_rtl_0|altsyncram_eql1:auto_generated
 18. Parameter Settings for User Entity Instance: Top-level Entity: |main
 19. Parameter Settings for Inferred Entity Instance: buffer:blue_buffer|altsyncram:framebuffer_rtl_0
 20. Parameter Settings for Inferred Entity Instance: buffer:green_buffer|altsyncram:framebuffer_rtl_0
 21. Parameter Settings for Inferred Entity Instance: buffer:red_buffer|altsyncram:framebuffer_rtl_0
 22. altsyncram Parameter Settings by Entity Instance
 23. Port Connectivity Checks: "pinta_cursor:inst_pinta_cursor"
 24. Post-Synthesis Netlist Statistics for Top Partition
 25. Elapsed Time Per Partition
 26. Analysis & Synthesis Messages



----------------
; Legal Notice ;
----------------
Copyright (C) 2017  Intel Corporation. All rights reserved.
Your use of Intel Corporation's design tools, logic functions 
and other software and tools, and its AMPP partner logic 
functions, and any output files from any of the foregoing 
(including device programming or simulation files), and any 
associated documentation or information are expressly subject 
to the terms and conditions of the Intel Program License 
Subscription Agreement, the Intel Quartus Prime License Agreement,
the Intel FPGA IP License Agreement, or other applicable license
agreement, including, without limitation, that your use is for
the sole purpose of programming logic devices manufactured by
Intel and sold by Intel or its authorized distributors.  Please
refer to the applicable agreement for further details.



+-------------------------------------------------------------------------------+
; Analysis & Synthesis Summary                                                  ;
+---------------------------------+---------------------------------------------+
; Analysis & Synthesis Status     ; Successful - Tue Jun 11 11:59:35 2024       ;
; Quartus Prime Version           ; 17.1.0 Build 590 10/25/2017 SJ Lite Edition ;
; Revision Name                   ; main                                        ;
; Top-level Entity Name           ; main                                        ;
; Family                          ; Cyclone V                                   ;
; Logic utilization (in ALMs)     ; N/A                                         ;
; Total registers                 ; 358                                         ;
; Total pins                      ; 86                                          ;
; Total virtual pins              ; 0                                           ;
; Total block memory bits         ; 1,843,200                                   ;
; Total DSP Blocks                ; 0                                           ;
; Total HSSI RX PCSs              ; 0                                           ;
; Total HSSI PMA RX Deserializers ; 0                                           ;
; Total HSSI TX PCSs              ; 0                                           ;
; Total HSSI PMA TX Serializers   ; 0                                           ;
; Total PLLs                      ; 0                                           ;
; Total DLLs                      ; 0                                           ;
+---------------------------------+---------------------------------------------+


+---------------------------------------------------------------------------------------------------------------------------+
; Analysis & Synthesis Settings                                                                                             ;
+---------------------------------------------------------------------------------+--------------------+--------------------+
; Option                                                                          ; Setting            ; Default Value      ;
+---------------------------------------------------------------------------------+--------------------+--------------------+
; Device                                                                          ; 5CSEMA5F31C6       ;                    ;
; Top-level entity name                                                           ; main               ; main               ;
; Family name                                                                     ; Cyclone V          ; Cyclone V          ;
; Use smart compilation                                                           ; Off                ; Off                ;
; Enable parallel Assembler and TimeQuest Timing Analyzer during compilation      ; On                 ; On                 ;
; Enable compact report table                                                     ; Off                ; Off                ;
; Restructure Multiplexers                                                        ; Auto               ; Auto               ;
; MLAB Add Timing Constraints For Mixed-Port Feed-Through Mode Setting Don't Care ; Off                ; Off                ;
; Create Debugging Nodes for IP Cores                                             ; Off                ; Off                ;
; Preserve fewer node names                                                       ; On                 ; On                 ;
; Intel FPGA IP Evaluation Mode                                                   ; Enable             ; Enable             ;
; Verilog Version                                                                 ; Verilog_2001       ; Verilog_2001       ;
; VHDL Version                                                                    ; VHDL_1993          ; VHDL_1993          ;
; State Machine Processing                                                        ; Auto               ; Auto               ;
; Safe State Machine                                                              ; Off                ; Off                ;
; Extract Verilog State Machines                                                  ; On                 ; On                 ;
; Extract VHDL State Machines                                                     ; On                 ; On                 ;
; Ignore Verilog initial constructs                                               ; Off                ; Off                ;
; Iteration limit for constant Verilog loops                                      ; 5000               ; 5000               ;
; Iteration limit for non-constant Verilog loops                                  ; 250                ; 250                ;
; Add Pass-Through Logic to Inferred RAMs                                         ; On                 ; On                 ;
; Infer RAMs from Raw Logic                                                       ; On                 ; On                 ;
; Parallel Synthesis                                                              ; On                 ; On                 ;
; DSP Block Balancing                                                             ; Auto               ; Auto               ;
; NOT Gate Push-Back                                                              ; On                 ; On                 ;
; Power-Up Don't Care                                                             ; On                 ; On                 ;
; Remove Redundant Logic Cells                                                    ; Off                ; Off                ;
; Remove Duplicate Registers                                                      ; On                 ; On                 ;
; Ignore CARRY Buffers                                                            ; Off                ; Off                ;
; Ignore CASCADE Buffers                                                          ; Off                ; Off                ;
; Ignore GLOBAL Buffers                                                           ; Off                ; Off                ;
; Ignore ROW GLOBAL Buffers                                                       ; Off                ; Off                ;
; Ignore LCELL Buffers                                                            ; Off                ; Off                ;
; Ignore SOFT Buffers                                                             ; On                 ; On                 ;
; Limit AHDL Integers to 32 Bits                                                  ; Off                ; Off                ;
; Optimization Technique                                                          ; Balanced           ; Balanced           ;
; Carry Chain Length                                                              ; 70                 ; 70                 ;
; Auto Carry Chains                                                               ; On                 ; On                 ;
; Auto Open-Drain Pins                                                            ; On                 ; On                 ;
; Perform WYSIWYG Primitive Resynthesis                                           ; Off                ; Off                ;
; Auto ROM Replacement                                                            ; On                 ; On                 ;
; Auto RAM Replacement                                                            ; On                 ; On                 ;
; Auto DSP Block Replacement                                                      ; On                 ; On                 ;
; Auto Shift Register Replacement                                                 ; Auto               ; Auto               ;
; Allow Shift Register Merging across Hierarchies                                 ; Auto               ; Auto               ;
; Auto Clock Enable Replacement                                                   ; On                 ; On                 ;
; Strict RAM Replacement                                                          ; Off                ; Off                ;
; Allow Synchronous Control Signals                                               ; On                 ; On                 ;
; Force Use of Synchronous Clear Signals                                          ; Off                ; Off                ;
; Auto Resource Sharing                                                           ; Off                ; Off                ;
; Allow Any RAM Size For Recognition                                              ; Off                ; Off                ;
; Allow Any ROM Size For Recognition                                              ; Off                ; Off                ;
; Allow Any Shift Register Size For Recognition                                   ; Off                ; Off                ;
; Use LogicLock Constraints during Resource Balancing                             ; On                 ; On                 ;
; Ignore translate_off and synthesis_off directives                               ; Off                ; Off                ;
; Timing-Driven Synthesis                                                         ; On                 ; On                 ;
; Report Parameter Settings                                                       ; On                 ; On                 ;
; Report Source Assignments                                                       ; On                 ; On                 ;
; Report Connectivity Checks                                                      ; On                 ; On                 ;
; Ignore Maximum Fan-Out Assignments                                              ; Off                ; Off                ;
; Synchronization Register Chain Length                                           ; 3                  ; 3                  ;
; Power Optimization During Synthesis                                             ; Normal compilation ; Normal compilation ;
; HDL message level                                                               ; Level2             ; Level2             ;
; Suppress Register Optimization Related Messages                                 ; Off                ; Off                ;
; Number of Removed Registers Reported in Synthesis Report                        ; 5000               ; 5000               ;
; Number of Swept Nodes Reported in Synthesis Report                              ; 5000               ; 5000               ;
; Number of Inverted Registers Reported in Synthesis Report                       ; 100                ; 100                ;
; Clock MUX Protection                                                            ; On                 ; On                 ;
; Auto Gated Clock Conversion                                                     ; Off                ; Off                ;
; Block Design Naming                                                             ; Auto               ; Auto               ;
; SDC constraint protection                                                       ; Off                ; Off                ;
; Synthesis Effort                                                                ; Auto               ; Auto               ;
; Shift Register Replacement - Allow Asynchronous Clear Signal                    ; On                 ; On                 ;
; Pre-Mapping Resynthesis Optimization                                            ; Off                ; Off                ;
; Analysis & Synthesis Message Level                                              ; Medium             ; Medium             ;
; Disable Register Merging Across Hierarchies                                     ; Auto               ; Auto               ;
; Resource Aware Inference For Block RAM                                          ; On                 ; On                 ;
; Automatic Parallel Synthesis                                                    ; On                 ; On                 ;
; Partial Reconfiguration Bitstream ID                                            ; Off                ; Off                ;
+---------------------------------------------------------------------------------+--------------------+--------------------+


+------------------------------------------+
; Parallel Compilation                     ;
+----------------------------+-------------+
; Processors                 ; Number      ;
+----------------------------+-------------+
; Number detected on machine ; 8           ;
; Maximum allowed            ; 4           ;
;                            ;             ;
; Average used               ; 1.00        ;
; Maximum used               ; 4           ;
;                            ;             ;
; Usage by Processor         ; % Time Used ;
;     Processor 1            ; 100.0%      ;
;     Processor 2            ;   0.0%      ;
;     Processor 3            ;   0.0%      ;
;     Processor 4            ;   0.0%      ;
+----------------------------+-------------+


+-----------------------------------------------------------------------------------------------------------------------------------------------------------------------------------------------+
; Analysis & Synthesis Source Files Read                                                                                                                                                        ;
+----------------------------------+-----------------+------------------------------+-------------------------------------------------------------------------------------------------+---------+
; File Name with User-Entered Path ; Used in Netlist ; File Type                    ; File Name with Absolute Path                                                                    ; Library ;
+----------------------------------+-----------------+------------------------------+-------------------------------------------------------------------------------------------------+---------+
; zera_buffer.v                    ; yes             ; User Verilog HDL File        ; C:/Users/vilem/Desktop/apresentação_613/2024s1-mc613-projeto-triunvirato/zera_buffer.v          ;         ;
; vga.v                            ; yes             ; User Verilog HDL File        ; C:/Users/vilem/Desktop/apresentação_613/2024s1-mc613-projeto-triunvirato/vga.v                  ;         ;
; pinta_cursor.v                   ; yes             ; User Verilog HDL File        ; C:/Users/vilem/Desktop/apresentação_613/2024s1-mc613-projeto-triunvirato/pinta_cursor.v         ;         ;
; main.v                           ; yes             ; User Verilog HDL File        ; C:/Users/vilem/Desktop/apresentação_613/2024s1-mc613-projeto-triunvirato/main.v                 ;         ;
; display.v                        ; yes             ; User Verilog HDL File        ; C:/Users/vilem/Desktop/apresentação_613/2024s1-mc613-projeto-triunvirato/display.v              ;         ;
; buffer.v                         ; yes             ; User Verilog HDL File        ; C:/Users/vilem/Desktop/apresentação_613/2024s1-mc613-projeto-triunvirato/buffer.v               ;         ;
; altsyncram.tdf                   ; yes             ; Megafunction                 ; c:/intelfpga_lite/17.1/quartus/libraries/megafunctions/altsyncram.tdf                           ;         ;
; stratix_ram_block.inc            ; yes             ; Megafunction                 ; c:/intelfpga_lite/17.1/quartus/libraries/megafunctions/stratix_ram_block.inc                    ;         ;
; lpm_mux.inc                      ; yes             ; Megafunction                 ; c:/intelfpga_lite/17.1/quartus/libraries/megafunctions/lpm_mux.inc                              ;         ;
; lpm_decode.inc                   ; yes             ; Megafunction                 ; c:/intelfpga_lite/17.1/quartus/libraries/megafunctions/lpm_decode.inc                           ;         ;
; aglobal171.inc                   ; yes             ; Megafunction                 ; c:/intelfpga_lite/17.1/quartus/libraries/megafunctions/aglobal171.inc                           ;         ;
; a_rdenreg.inc                    ; yes             ; Megafunction                 ; c:/intelfpga_lite/17.1/quartus/libraries/megafunctions/a_rdenreg.inc                            ;         ;
; altrom.inc                       ; yes             ; Megafunction                 ; c:/intelfpga_lite/17.1/quartus/libraries/megafunctions/altrom.inc                               ;         ;
; altram.inc                       ; yes             ; Megafunction                 ; c:/intelfpga_lite/17.1/quartus/libraries/megafunctions/altram.inc                               ;         ;
; altdpram.inc                     ; yes             ; Megafunction                 ; c:/intelfpga_lite/17.1/quartus/libraries/megafunctions/altdpram.inc                             ;         ;
; db/altsyncram_eql1.tdf           ; yes             ; Auto-Generated Megafunction  ; C:/Users/vilem/Desktop/apresentação_613/2024s1-mc613-projeto-triunvirato/db/altsyncram_eql1.tdf ;         ;
; db/decode_nma.tdf                ; yes             ; Auto-Generated Megafunction  ; C:/Users/vilem/Desktop/apresentação_613/2024s1-mc613-projeto-triunvirato/db/decode_nma.tdf      ;         ;
; db/mux_7hb.tdf                   ; yes             ; Auto-Generated Megafunction  ; C:/Users/vilem/Desktop/apresentação_613/2024s1-mc613-projeto-triunvirato/db/mux_7hb.tdf         ;         ;
+----------------------------------+-----------------+------------------------------+-------------------------------------------------------------------------------------------------+---------+


+--------------------------------------------------------------+
; Analysis & Synthesis Resource Usage Summary                  ;
+---------------------------------------------+----------------+
; Resource                                    ; Usage          ;
+---------------------------------------------+----------------+
; Estimate of Logic utilization (ALMs needed) ; 456            ;
;                                             ;                ;
; Combinational ALUT usage for logic          ; 702            ;
;     -- 7 input functions                    ; 0              ;
;     -- 6 input functions                    ; 176            ;
;     -- 5 input functions                    ; 133            ;
;     -- 4 input functions                    ; 81             ;
;     -- <=3 input functions                  ; 312            ;
;                                             ;                ;
; Dedicated logic registers                   ; 358            ;
;                                             ;                ;
; I/O pins                                    ; 86             ;
; Total MLAB memory bits                      ; 0              ;
; Total block memory bits                     ; 1843200        ;
;                                             ;                ;
; Total DSP Blocks                            ; 0              ;
;                                             ;                ;
; Maximum fan-out node                        ; CLOCK_50~input ;
; Maximum fan-out                             ; 554            ;
; Total fan-out                               ; 11237          ;
; Average fan-out                             ; 7.63           ;
+---------------------------------------------+----------------+


+------------------------------------------------------------------------------------------------------------------------------------------------------------------------------------------------------------------------------------------------------------------------------------------------------+
; Analysis & Synthesis Resource Utilization by Entity                                                                                                                                                                                                                                                  ;
+-------------------------------------------+---------------------+---------------------------+-------------------+------------+------+--------------+----------------------------------------------------------------------------------------------------------------+-----------------+--------------+
; Compilation Hierarchy Node                ; Combinational ALUTs ; Dedicated Logic Registers ; Block Memory Bits ; DSP Blocks ; Pins ; Virtual Pins ; Full Hierarchy Name                                                                                            ; Entity Name     ; Library Name ;
+-------------------------------------------+---------------------+---------------------------+-------------------+------------+------+--------------+----------------------------------------------------------------------------------------------------------------+-----------------+--------------+
; |main                                     ; 702 (253)           ; 358 (95)                  ; 1843200           ; 0          ; 86   ; 0            ; |main                                                                                                          ; main            ; work         ;
;    |buffer:blue_buffer|                   ; 86 (60)             ; 47 (43)                   ; 614400            ; 0          ; 0    ; 0            ; |main|buffer:blue_buffer                                                                                       ; buffer          ; work         ;
;       |altsyncram:framebuffer_rtl_0|      ; 26 (0)              ; 4 (0)                     ; 614400            ; 0          ; 0    ; 0            ; |main|buffer:blue_buffer|altsyncram:framebuffer_rtl_0                                                          ; altsyncram      ; work         ;
;          |altsyncram_eql1:auto_generated| ; 26 (0)              ; 4 (4)                     ; 614400            ; 0          ; 0    ; 0            ; |main|buffer:blue_buffer|altsyncram:framebuffer_rtl_0|altsyncram_eql1:auto_generated                           ; altsyncram_eql1 ; work         ;
;             |decode_nma:rden_decode_b|    ; 10 (10)             ; 0 (0)                     ; 0                 ; 0          ; 0    ; 0            ; |main|buffer:blue_buffer|altsyncram:framebuffer_rtl_0|altsyncram_eql1:auto_generated|decode_nma:rden_decode_b  ; decode_nma      ; work         ;
;             |mux_7hb:mux3|                ; 16 (16)             ; 0 (0)                     ; 0                 ; 0          ; 0    ; 0            ; |main|buffer:blue_buffer|altsyncram:framebuffer_rtl_0|altsyncram_eql1:auto_generated|mux_7hb:mux3              ; mux_7hb         ; work         ;
;    |buffer:green_buffer|                  ; 48 (22)             ; 47 (43)                   ; 614400            ; 0          ; 0    ; 0            ; |main|buffer:green_buffer                                                                                      ; buffer          ; work         ;
;       |altsyncram:framebuffer_rtl_0|      ; 26 (0)              ; 4 (0)                     ; 614400            ; 0          ; 0    ; 0            ; |main|buffer:green_buffer|altsyncram:framebuffer_rtl_0                                                         ; altsyncram      ; work         ;
;          |altsyncram_eql1:auto_generated| ; 26 (0)              ; 4 (4)                     ; 614400            ; 0          ; 0    ; 0            ; |main|buffer:green_buffer|altsyncram:framebuffer_rtl_0|altsyncram_eql1:auto_generated                          ; altsyncram_eql1 ; work         ;
;             |decode_nma:rden_decode_b|    ; 10 (10)             ; 0 (0)                     ; 0                 ; 0          ; 0    ; 0            ; |main|buffer:green_buffer|altsyncram:framebuffer_rtl_0|altsyncram_eql1:auto_generated|decode_nma:rden_decode_b ; decode_nma      ; work         ;
;             |mux_7hb:mux3|                ; 16 (16)             ; 0 (0)                     ; 0                 ; 0          ; 0    ; 0            ; |main|buffer:green_buffer|altsyncram:framebuffer_rtl_0|altsyncram_eql1:auto_generated|mux_7hb:mux3             ; mux_7hb         ; work         ;
;    |buffer:red_buffer|                    ; 58 (22)             ; 47 (43)                   ; 614400            ; 0          ; 0    ; 0            ; |main|buffer:red_buffer                                                                                        ; buffer          ; work         ;
;       |altsyncram:framebuffer_rtl_0|      ; 36 (0)              ; 4 (0)                     ; 614400            ; 0          ; 0    ; 0            ; |main|buffer:red_buffer|altsyncram:framebuffer_rtl_0                                                           ; altsyncram      ; work         ;
;          |altsyncram_eql1:auto_generated| ; 36 (0)              ; 4 (4)                     ; 614400            ; 0          ; 0    ; 0            ; |main|buffer:red_buffer|altsyncram:framebuffer_rtl_0|altsyncram_eql1:auto_generated                            ; altsyncram_eql1 ; work         ;
;             |decode_nma:decode2|          ; 10 (10)             ; 0 (0)                     ; 0                 ; 0          ; 0    ; 0            ; |main|buffer:red_buffer|altsyncram:framebuffer_rtl_0|altsyncram_eql1:auto_generated|decode_nma:decode2         ; decode_nma      ; work         ;
;             |decode_nma:rden_decode_b|    ; 10 (10)             ; 0 (0)                     ; 0                 ; 0          ; 0    ; 0            ; |main|buffer:red_buffer|altsyncram:framebuffer_rtl_0|altsyncram_eql1:auto_generated|decode_nma:rden_decode_b   ; decode_nma      ; work         ;
;             |mux_7hb:mux3|                ; 16 (16)             ; 0 (0)                     ; 0                 ; 0          ; 0    ; 0            ; |main|buffer:red_buffer|altsyncram:framebuffer_rtl_0|altsyncram_eql1:auto_generated|mux_7hb:mux3               ; mux_7hb         ; work         ;
;    |display:blue_display|                 ; 8 (8)               ; 11 (11)                   ; 0                 ; 0          ; 0    ; 0            ; |main|display:blue_display                                                                                     ; display         ; work         ;
;    |display:green_display|                ; 8 (8)               ; 11 (11)                   ; 0                 ; 0          ; 0    ; 0            ; |main|display:green_display                                                                                    ; display         ; work         ;
;    |display:red_display|                  ; 8 (8)               ; 11 (11)                   ; 0                 ; 0          ; 0    ; 0            ; |main|display:red_display                                                                                      ; display         ; work         ;
;    |pinta_cursor:inst_pinta_cursor|       ; 32 (32)             ; 22 (22)                   ; 0                 ; 0          ; 0    ; 0            ; |main|pinta_cursor:inst_pinta_cursor                                                                           ; pinta_cursor    ; work         ;
;    |vga:vga_inst|                         ; 173 (173)           ; 45 (45)                   ; 0                 ; 0          ; 0    ; 0            ; |main|vga:vga_inst                                                                                             ; vga             ; work         ;
;    |zera_buffer:inst_zera_buffer|         ; 28 (28)             ; 22 (22)                   ; 0                 ; 0          ; 0    ; 0            ; |main|zera_buffer:inst_zera_buffer                                                                             ; zera_buffer     ; work         ;
+-------------------------------------------+---------------------+---------------------------+-------------------+------------+------+--------------+----------------------------------------------------------------------------------------------------------------+-----------------+--------------+
Note: For table entries with two numbers listed, the numbers in parentheses indicate the number of resources of the given type used by the specific entity alone. The numbers listed outside of parentheses indicate the total resources of the given type used by the specific entity and all of its sub-entities in the hierarchy.


+--------------------------------------------------------------------------------------------------------------------------------------------------------------------------------------------------+
; Analysis & Synthesis RAM Summary                                                                                                                                                                 ;
+--------------------------------------------------------------------------------------------+------+------------------+--------------+--------------+--------------+--------------+--------+------+
; Name                                                                                       ; Type ; Mode             ; Port A Depth ; Port A Width ; Port B Depth ; Port B Width ; Size   ; MIF  ;
+--------------------------------------------------------------------------------------------+------+------------------+--------------+--------------+--------------+--------------+--------+------+
; buffer:blue_buffer|altsyncram:framebuffer_rtl_0|altsyncram_eql1:auto_generated|ALTSYNCRAM  ; AUTO ; Simple Dual Port ; 76800        ; 8            ; 76800        ; 8            ; 614400 ; None ;
; buffer:green_buffer|altsyncram:framebuffer_rtl_0|altsyncram_eql1:auto_generated|ALTSYNCRAM ; AUTO ; Simple Dual Port ; 76800        ; 8            ; 76800        ; 8            ; 614400 ; None ;
; buffer:red_buffer|altsyncram:framebuffer_rtl_0|altsyncram_eql1:auto_generated|ALTSYNCRAM   ; AUTO ; Simple Dual Port ; 76800        ; 8            ; 76800        ; 8            ; 614400 ; None ;
+--------------------------------------------------------------------------------------------+------+------------------+--------------+--------------+--------------+--------------+--------+------+


Encoding Type:  One-Hot
+-----------------------------------------------------------------------------------------------------------+
; State Machine - |main|last_button                                                                         ;
+-----------------+-----------------+-----------------+-----------------+-----------------+-----------------+
; Name            ; last_button.000 ; last_button.011 ; last_button.010 ; last_button.001 ; last_button.111 ;
+-----------------+-----------------+-----------------+-----------------+-----------------+-----------------+
; last_button.111 ; 0               ; 0               ; 0               ; 0               ; 0               ;
; last_button.001 ; 0               ; 0               ; 0               ; 1               ; 1               ;
; last_button.010 ; 0               ; 0               ; 1               ; 0               ; 1               ;
; last_button.011 ; 0               ; 1               ; 0               ; 0               ; 1               ;
; last_button.000 ; 1               ; 0               ; 0               ; 0               ; 1               ;
+-----------------+-----------------+-----------------+-----------------+-----------------+-----------------+


+---------------------------------------------------------------------------------+
; Registers Removed During Synthesis                                              ;
+----------------------------------------+----------------------------------------+
; Register name                          ; Reason for Removal                     ;
+----------------------------------------+----------------------------------------+
; ball_x[1]                              ; Merged with ball_x[0]                  ;
; ball_y[1]                              ; Merged with ball_y[0]                  ;
; blue_in[1..5]                          ; Merged with blue_in[0]                 ;
; green_in[0..5]                         ; Merged with blue_in[0]                 ;
; red_in[0..5]                           ; Merged with blue_in[0]                 ;
; display:blue_display|digito0[0,4,5]    ; Stuck at GND due to stuck port data_in ;
; display:green_display|digito0[0,4,5]   ; Stuck at GND due to stuck port data_in ;
; display:red_display|digito0[0,4,5]     ; Stuck at GND due to stuck port data_in ;
; ball_x[0]                              ; Stuck at GND due to stuck port data_in ;
; ball_y[0]                              ; Stuck at GND due to stuck port data_in ;
; last_button~7                          ; Lost fanout                            ;
; last_button~8                          ; Lost fanout                            ;
; last_button.111                        ; Stuck at GND due to stuck port data_in ;
; Total Number of Removed Registers = 33 ;                                        ;
+----------------------------------------+----------------------------------------+


+------------------------------------------------------+
; General Register Statistics                          ;
+----------------------------------------------+-------+
; Statistic                                    ; Value ;
+----------------------------------------------+-------+
; Total registers                              ; 358   ;
; Number of registers using Synchronous Clear  ; 117   ;
; Number of registers using Synchronous Load   ; 44    ;
; Number of registers using Asynchronous Clear ; 0     ;
; Number of registers using Asynchronous Load  ; 0     ;
; Number of registers using Clock Enable       ; 220   ;
; Number of registers using Preset             ; 0     ;
+----------------------------------------------+-------+


+------------------------------------------------------------------------------------------+
; Registers Added for RAM Pass-Through Logic                                               ;
+--------------------------------------------------+---------------------------------------+
; Register Name                                    ; RAM Name                              ;
+--------------------------------------------------+---------------------------------------+
; buffer:blue_buffer|framebuffer_rtl_0_bypass[0]   ; buffer:blue_buffer|framebuffer_rtl_0  ;
; buffer:blue_buffer|framebuffer_rtl_0_bypass[1]   ; buffer:blue_buffer|framebuffer_rtl_0  ;
; buffer:blue_buffer|framebuffer_rtl_0_bypass[2]   ; buffer:blue_buffer|framebuffer_rtl_0  ;
; buffer:blue_buffer|framebuffer_rtl_0_bypass[3]   ; buffer:blue_buffer|framebuffer_rtl_0  ;
; buffer:blue_buffer|framebuffer_rtl_0_bypass[4]   ; buffer:blue_buffer|framebuffer_rtl_0  ;
; buffer:blue_buffer|framebuffer_rtl_0_bypass[5]   ; buffer:blue_buffer|framebuffer_rtl_0  ;
; buffer:blue_buffer|framebuffer_rtl_0_bypass[6]   ; buffer:blue_buffer|framebuffer_rtl_0  ;
; buffer:blue_buffer|framebuffer_rtl_0_bypass[7]   ; buffer:blue_buffer|framebuffer_rtl_0  ;
; buffer:blue_buffer|framebuffer_rtl_0_bypass[8]   ; buffer:blue_buffer|framebuffer_rtl_0  ;
; buffer:blue_buffer|framebuffer_rtl_0_bypass[9]   ; buffer:blue_buffer|framebuffer_rtl_0  ;
; buffer:blue_buffer|framebuffer_rtl_0_bypass[10]  ; buffer:blue_buffer|framebuffer_rtl_0  ;
; buffer:blue_buffer|framebuffer_rtl_0_bypass[11]  ; buffer:blue_buffer|framebuffer_rtl_0  ;
; buffer:blue_buffer|framebuffer_rtl_0_bypass[12]  ; buffer:blue_buffer|framebuffer_rtl_0  ;
; buffer:blue_buffer|framebuffer_rtl_0_bypass[13]  ; buffer:blue_buffer|framebuffer_rtl_0  ;
; buffer:blue_buffer|framebuffer_rtl_0_bypass[14]  ; buffer:blue_buffer|framebuffer_rtl_0  ;
; buffer:blue_buffer|framebuffer_rtl_0_bypass[15]  ; buffer:blue_buffer|framebuffer_rtl_0  ;
; buffer:blue_buffer|framebuffer_rtl_0_bypass[16]  ; buffer:blue_buffer|framebuffer_rtl_0  ;
; buffer:blue_buffer|framebuffer_rtl_0_bypass[17]  ; buffer:blue_buffer|framebuffer_rtl_0  ;
; buffer:blue_buffer|framebuffer_rtl_0_bypass[18]  ; buffer:blue_buffer|framebuffer_rtl_0  ;
; buffer:blue_buffer|framebuffer_rtl_0_bypass[19]  ; buffer:blue_buffer|framebuffer_rtl_0  ;
; buffer:blue_buffer|framebuffer_rtl_0_bypass[20]  ; buffer:blue_buffer|framebuffer_rtl_0  ;
; buffer:blue_buffer|framebuffer_rtl_0_bypass[21]  ; buffer:blue_buffer|framebuffer_rtl_0  ;
; buffer:blue_buffer|framebuffer_rtl_0_bypass[22]  ; buffer:blue_buffer|framebuffer_rtl_0  ;
; buffer:blue_buffer|framebuffer_rtl_0_bypass[23]  ; buffer:blue_buffer|framebuffer_rtl_0  ;
; buffer:blue_buffer|framebuffer_rtl_0_bypass[24]  ; buffer:blue_buffer|framebuffer_rtl_0  ;
; buffer:blue_buffer|framebuffer_rtl_0_bypass[25]  ; buffer:blue_buffer|framebuffer_rtl_0  ;
; buffer:blue_buffer|framebuffer_rtl_0_bypass[26]  ; buffer:blue_buffer|framebuffer_rtl_0  ;
; buffer:blue_buffer|framebuffer_rtl_0_bypass[27]  ; buffer:blue_buffer|framebuffer_rtl_0  ;
; buffer:blue_buffer|framebuffer_rtl_0_bypass[28]  ; buffer:blue_buffer|framebuffer_rtl_0  ;
; buffer:blue_buffer|framebuffer_rtl_0_bypass[29]  ; buffer:blue_buffer|framebuffer_rtl_0  ;
; buffer:blue_buffer|framebuffer_rtl_0_bypass[30]  ; buffer:blue_buffer|framebuffer_rtl_0  ;
; buffer:blue_buffer|framebuffer_rtl_0_bypass[31]  ; buffer:blue_buffer|framebuffer_rtl_0  ;
; buffer:blue_buffer|framebuffer_rtl_0_bypass[32]  ; buffer:blue_buffer|framebuffer_rtl_0  ;
; buffer:blue_buffer|framebuffer_rtl_0_bypass[33]  ; buffer:blue_buffer|framebuffer_rtl_0  ;
; buffer:blue_buffer|framebuffer_rtl_0_bypass[34]  ; buffer:blue_buffer|framebuffer_rtl_0  ;
; buffer:blue_buffer|framebuffer_rtl_0_bypass[35]  ; buffer:blue_buffer|framebuffer_rtl_0  ;
; buffer:blue_buffer|framebuffer_rtl_0_bypass[36]  ; buffer:blue_buffer|framebuffer_rtl_0  ;
; buffer:blue_buffer|framebuffer_rtl_0_bypass[37]  ; buffer:blue_buffer|framebuffer_rtl_0  ;
; buffer:blue_buffer|framebuffer_rtl_0_bypass[38]  ; buffer:blue_buffer|framebuffer_rtl_0  ;
; buffer:blue_buffer|framebuffer_rtl_0_bypass[39]  ; buffer:blue_buffer|framebuffer_rtl_0  ;
; buffer:blue_buffer|framebuffer_rtl_0_bypass[40]  ; buffer:blue_buffer|framebuffer_rtl_0  ;
; buffer:blue_buffer|framebuffer_rtl_0_bypass[41]  ; buffer:blue_buffer|framebuffer_rtl_0  ;
; buffer:blue_buffer|framebuffer_rtl_0_bypass[42]  ; buffer:blue_buffer|framebuffer_rtl_0  ;
; buffer:green_buffer|framebuffer_rtl_0_bypass[0]  ; buffer:green_buffer|framebuffer_rtl_0 ;
; buffer:green_buffer|framebuffer_rtl_0_bypass[1]  ; buffer:green_buffer|framebuffer_rtl_0 ;
; buffer:green_buffer|framebuffer_rtl_0_bypass[2]  ; buffer:green_buffer|framebuffer_rtl_0 ;
; buffer:green_buffer|framebuffer_rtl_0_bypass[3]  ; buffer:green_buffer|framebuffer_rtl_0 ;
; buffer:green_buffer|framebuffer_rtl_0_bypass[4]  ; buffer:green_buffer|framebuffer_rtl_0 ;
; buffer:green_buffer|framebuffer_rtl_0_bypass[5]  ; buffer:green_buffer|framebuffer_rtl_0 ;
; buffer:green_buffer|framebuffer_rtl_0_bypass[6]  ; buffer:green_buffer|framebuffer_rtl_0 ;
; buffer:green_buffer|framebuffer_rtl_0_bypass[7]  ; buffer:green_buffer|framebuffer_rtl_0 ;
; buffer:green_buffer|framebuffer_rtl_0_bypass[8]  ; buffer:green_buffer|framebuffer_rtl_0 ;
; buffer:green_buffer|framebuffer_rtl_0_bypass[9]  ; buffer:green_buffer|framebuffer_rtl_0 ;
; buffer:green_buffer|framebuffer_rtl_0_bypass[10] ; buffer:green_buffer|framebuffer_rtl_0 ;
; buffer:green_buffer|framebuffer_rtl_0_bypass[11] ; buffer:green_buffer|framebuffer_rtl_0 ;
; buffer:green_buffer|framebuffer_rtl_0_bypass[12] ; buffer:green_buffer|framebuffer_rtl_0 ;
; buffer:green_buffer|framebuffer_rtl_0_bypass[13] ; buffer:green_buffer|framebuffer_rtl_0 ;
; buffer:green_buffer|framebuffer_rtl_0_bypass[14] ; buffer:green_buffer|framebuffer_rtl_0 ;
; buffer:green_buffer|framebuffer_rtl_0_bypass[15] ; buffer:green_buffer|framebuffer_rtl_0 ;
; buffer:green_buffer|framebuffer_rtl_0_bypass[16] ; buffer:green_buffer|framebuffer_rtl_0 ;
; buffer:green_buffer|framebuffer_rtl_0_bypass[17] ; buffer:green_buffer|framebuffer_rtl_0 ;
; buffer:green_buffer|framebuffer_rtl_0_bypass[18] ; buffer:green_buffer|framebuffer_rtl_0 ;
; buffer:green_buffer|framebuffer_rtl_0_bypass[19] ; buffer:green_buffer|framebuffer_rtl_0 ;
; buffer:green_buffer|framebuffer_rtl_0_bypass[20] ; buffer:green_buffer|framebuffer_rtl_0 ;
; buffer:green_buffer|framebuffer_rtl_0_bypass[21] ; buffer:green_buffer|framebuffer_rtl_0 ;
; buffer:green_buffer|framebuffer_rtl_0_bypass[22] ; buffer:green_buffer|framebuffer_rtl_0 ;
; buffer:green_buffer|framebuffer_rtl_0_bypass[23] ; buffer:green_buffer|framebuffer_rtl_0 ;
; buffer:green_buffer|framebuffer_rtl_0_bypass[24] ; buffer:green_buffer|framebuffer_rtl_0 ;
; buffer:green_buffer|framebuffer_rtl_0_bypass[25] ; buffer:green_buffer|framebuffer_rtl_0 ;
; buffer:green_buffer|framebuffer_rtl_0_bypass[26] ; buffer:green_buffer|framebuffer_rtl_0 ;
; buffer:green_buffer|framebuffer_rtl_0_bypass[27] ; buffer:green_buffer|framebuffer_rtl_0 ;
; buffer:green_buffer|framebuffer_rtl_0_bypass[28] ; buffer:green_buffer|framebuffer_rtl_0 ;
; buffer:green_buffer|framebuffer_rtl_0_bypass[29] ; buffer:green_buffer|framebuffer_rtl_0 ;
; buffer:green_buffer|framebuffer_rtl_0_bypass[30] ; buffer:green_buffer|framebuffer_rtl_0 ;
; buffer:green_buffer|framebuffer_rtl_0_bypass[31] ; buffer:green_buffer|framebuffer_rtl_0 ;
; buffer:green_buffer|framebuffer_rtl_0_bypass[32] ; buffer:green_buffer|framebuffer_rtl_0 ;
; buffer:green_buffer|framebuffer_rtl_0_bypass[33] ; buffer:green_buffer|framebuffer_rtl_0 ;
; buffer:green_buffer|framebuffer_rtl_0_bypass[34] ; buffer:green_buffer|framebuffer_rtl_0 ;
; buffer:green_buffer|framebuffer_rtl_0_bypass[35] ; buffer:green_buffer|framebuffer_rtl_0 ;
; buffer:green_buffer|framebuffer_rtl_0_bypass[36] ; buffer:green_buffer|framebuffer_rtl_0 ;
; buffer:green_buffer|framebuffer_rtl_0_bypass[37] ; buffer:green_buffer|framebuffer_rtl_0 ;
; buffer:green_buffer|framebuffer_rtl_0_bypass[38] ; buffer:green_buffer|framebuffer_rtl_0 ;
; buffer:green_buffer|framebuffer_rtl_0_bypass[39] ; buffer:green_buffer|framebuffer_rtl_0 ;
; buffer:green_buffer|framebuffer_rtl_0_bypass[40] ; buffer:green_buffer|framebuffer_rtl_0 ;
; buffer:green_buffer|framebuffer_rtl_0_bypass[41] ; buffer:green_buffer|framebuffer_rtl_0 ;
; buffer:green_buffer|framebuffer_rtl_0_bypass[42] ; buffer:green_buffer|framebuffer_rtl_0 ;
; buffer:red_buffer|framebuffer_rtl_0_bypass[0]    ; buffer:red_buffer|framebuffer_rtl_0   ;
; buffer:red_buffer|framebuffer_rtl_0_bypass[1]    ; buffer:red_buffer|framebuffer_rtl_0   ;
; buffer:red_buffer|framebuffer_rtl_0_bypass[2]    ; buffer:red_buffer|framebuffer_rtl_0   ;
; buffer:red_buffer|framebuffer_rtl_0_bypass[3]    ; buffer:red_buffer|framebuffer_rtl_0   ;
; buffer:red_buffer|framebuffer_rtl_0_bypass[4]    ; buffer:red_buffer|framebuffer_rtl_0   ;
; buffer:red_buffer|framebuffer_rtl_0_bypass[5]    ; buffer:red_buffer|framebuffer_rtl_0   ;
; buffer:red_buffer|framebuffer_rtl_0_bypass[6]    ; buffer:red_buffer|framebuffer_rtl_0   ;
; buffer:red_buffer|framebuffer_rtl_0_bypass[7]    ; buffer:red_buffer|framebuffer_rtl_0   ;
; buffer:red_buffer|framebuffer_rtl_0_bypass[8]    ; buffer:red_buffer|framebuffer_rtl_0   ;
; buffer:red_buffer|framebuffer_rtl_0_bypass[9]    ; buffer:red_buffer|framebuffer_rtl_0   ;
; buffer:red_buffer|framebuffer_rtl_0_bypass[10]   ; buffer:red_buffer|framebuffer_rtl_0   ;
; buffer:red_buffer|framebuffer_rtl_0_bypass[11]   ; buffer:red_buffer|framebuffer_rtl_0   ;
; buffer:red_buffer|framebuffer_rtl_0_bypass[12]   ; buffer:red_buffer|framebuffer_rtl_0   ;
; buffer:red_buffer|framebuffer_rtl_0_bypass[13]   ; buffer:red_buffer|framebuffer_rtl_0   ;
; buffer:red_buffer|framebuffer_rtl_0_bypass[14]   ; buffer:red_buffer|framebuffer_rtl_0   ;
; buffer:red_buffer|framebuffer_rtl_0_bypass[15]   ; buffer:red_buffer|framebuffer_rtl_0   ;
; buffer:red_buffer|framebuffer_rtl_0_bypass[16]   ; buffer:red_buffer|framebuffer_rtl_0   ;
; buffer:red_buffer|framebuffer_rtl_0_bypass[17]   ; buffer:red_buffer|framebuffer_rtl_0   ;
; buffer:red_buffer|framebuffer_rtl_0_bypass[18]   ; buffer:red_buffer|framebuffer_rtl_0   ;
; buffer:red_buffer|framebuffer_rtl_0_bypass[19]   ; buffer:red_buffer|framebuffer_rtl_0   ;
; buffer:red_buffer|framebuffer_rtl_0_bypass[20]   ; buffer:red_buffer|framebuffer_rtl_0   ;
; buffer:red_buffer|framebuffer_rtl_0_bypass[21]   ; buffer:red_buffer|framebuffer_rtl_0   ;
; buffer:red_buffer|framebuffer_rtl_0_bypass[22]   ; buffer:red_buffer|framebuffer_rtl_0   ;
; buffer:red_buffer|framebuffer_rtl_0_bypass[23]   ; buffer:red_buffer|framebuffer_rtl_0   ;
; buffer:red_buffer|framebuffer_rtl_0_bypass[24]   ; buffer:red_buffer|framebuffer_rtl_0   ;
; buffer:red_buffer|framebuffer_rtl_0_bypass[25]   ; buffer:red_buffer|framebuffer_rtl_0   ;
; buffer:red_buffer|framebuffer_rtl_0_bypass[26]   ; buffer:red_buffer|framebuffer_rtl_0   ;
; buffer:red_buffer|framebuffer_rtl_0_bypass[27]   ; buffer:red_buffer|framebuffer_rtl_0   ;
; buffer:red_buffer|framebuffer_rtl_0_bypass[28]   ; buffer:red_buffer|framebuffer_rtl_0   ;
; buffer:red_buffer|framebuffer_rtl_0_bypass[29]   ; buffer:red_buffer|framebuffer_rtl_0   ;
; buffer:red_buffer|framebuffer_rtl_0_bypass[30]   ; buffer:red_buffer|framebuffer_rtl_0   ;
; buffer:red_buffer|framebuffer_rtl_0_bypass[31]   ; buffer:red_buffer|framebuffer_rtl_0   ;
; buffer:red_buffer|framebuffer_rtl_0_bypass[32]   ; buffer:red_buffer|framebuffer_rtl_0   ;
; buffer:red_buffer|framebuffer_rtl_0_bypass[33]   ; buffer:red_buffer|framebuffer_rtl_0   ;
; buffer:red_buffer|framebuffer_rtl_0_bypass[34]   ; buffer:red_buffer|framebuffer_rtl_0   ;
; buffer:red_buffer|framebuffer_rtl_0_bypass[35]   ; buffer:red_buffer|framebuffer_rtl_0   ;
; buffer:red_buffer|framebuffer_rtl_0_bypass[36]   ; buffer:red_buffer|framebuffer_rtl_0   ;
; buffer:red_buffer|framebuffer_rtl_0_bypass[37]   ; buffer:red_buffer|framebuffer_rtl_0   ;
; buffer:red_buffer|framebuffer_rtl_0_bypass[38]   ; buffer:red_buffer|framebuffer_rtl_0   ;
; buffer:red_buffer|framebuffer_rtl_0_bypass[39]   ; buffer:red_buffer|framebuffer_rtl_0   ;
; buffer:red_buffer|framebuffer_rtl_0_bypass[40]   ; buffer:red_buffer|framebuffer_rtl_0   ;
; buffer:red_buffer|framebuffer_rtl_0_bypass[41]   ; buffer:red_buffer|framebuffer_rtl_0   ;
; buffer:red_buffer|framebuffer_rtl_0_bypass[42]   ; buffer:red_buffer|framebuffer_rtl_0   ;
+--------------------------------------------------+---------------------------------------+


+-----------------------------------------------------------------------------------+
; Registers Packed Into Inferred Megafunctions                                      ;
+------------------------------------+---------------------------------------+------+
; Register Name                      ; Megafunction                          ; Type ;
+------------------------------------+---------------------------------------+------+
; buffer:blue_buffer|data_out[0..7]  ; buffer:blue_buffer|framebuffer_rtl_0  ; RAM  ;
; buffer:green_buffer|data_out[0..7] ; buffer:green_buffer|framebuffer_rtl_0 ; RAM  ;
; buffer:red_buffer|data_out[0..7]   ; buffer:red_buffer|framebuffer_rtl_0   ; RAM  ;
+------------------------------------+---------------------------------------+------+


+----------------------------------------------------------------------------------------------------------------------------------------------------------------+
; Multiplexer Restructuring Statistics (Restructuring Performed)                                                                                                 ;
+--------------------+-----------+---------------+----------------------+------------------------+------------+--------------------------------------------------+
; Multiplexer Inputs ; Bus Width ; Baseline Area ; Area if Restructured ; Saving if Restructured ; Registered ; Example Multiplexer Output                       ;
+--------------------+-----------+---------------+----------------------+------------------------+------------+--------------------------------------------------+
; 3:1                ; 11 bits   ; 22 LEs        ; 0 LEs                ; 22 LEs                 ; Yes        ; |main|zera_buffer:inst_zera_buffer|x_coord[1]    ;
; 4:1                ; 11 bits   ; 22 LEs        ; 0 LEs                ; 22 LEs                 ; Yes        ; |main|zera_buffer:inst_zera_buffer|y_coord[7]    ;
; 4:1                ; 11 bits   ; 22 LEs        ; 0 LEs                ; 22 LEs                 ; Yes        ; |main|pinta_cursor:inst_pinta_cursor|y_coord[10] ;
; 5:1                ; 6 bits    ; 18 LEs        ; 12 LEs               ; 6 LEs                  ; Yes        ; |main|red_in[6]                                  ;
; 7:1                ; 4 bits    ; 16 LEs        ; 12 LEs               ; 4 LEs                  ; Yes        ; |main|ball_y[4]                                  ;
; 7:1                ; 5 bits    ; 20 LEs        ; 15 LEs               ; 5 LEs                  ; Yes        ; |main|ball_y[3]                                  ;
; 7:1                ; 4 bits    ; 16 LEs        ; 12 LEs               ; 4 LEs                  ; Yes        ; |main|ball_x[9]                                  ;
; 7:1                ; 5 bits    ; 20 LEs        ; 15 LEs               ; 5 LEs                  ; Yes        ; |main|ball_x[5]                                  ;
; 3:1                ; 11 bits   ; 22 LEs        ; 22 LEs               ; 0 LEs                  ; No         ; |main|vga:vga_inst|h_counter                     ;
; 4:1                ; 11 bits   ; 22 LEs        ; 22 LEs               ; 0 LEs                  ; No         ; |main|vga:vga_inst|v_counter                     ;
; 4:1                ; 4 bits    ; 8 LEs         ; 8 LEs                ; 0 LEs                  ; No         ; |main|last_button                                ;
; 5:1                ; 8 bits    ; 24 LEs        ; 24 LEs               ; 0 LEs                  ; No         ; |main|vga:vga_inst|VGA_R[0]                      ;
; 5:1                ; 8 bits    ; 24 LEs        ; 24 LEs               ; 0 LEs                  ; No         ; |main|vga:vga_inst|VGA_G[7]                      ;
; 5:1                ; 8 bits    ; 24 LEs        ; 24 LEs               ; 0 LEs                  ; No         ; |main|vga:vga_inst|VGA_B[7]                      ;
; 6:1                ; 5 bits    ; 20 LEs        ; 15 LEs               ; 5 LEs                  ; No         ; |main|last_button                                ;
+--------------------+-----------+---------------+----------------------+------------------------+------------+--------------------------------------------------+


+-------------------------------------------------------------------------------------------------------+
; Source assignments for buffer:blue_buffer|altsyncram:framebuffer_rtl_0|altsyncram_eql1:auto_generated ;
+---------------------------------+--------------------+------+-----------------------------------------+
; Assignment                      ; Value              ; From ; To                                      ;
+---------------------------------+--------------------+------+-----------------------------------------+
; OPTIMIZE_POWER_DURING_SYNTHESIS ; NORMAL_COMPILATION ; -    ; -                                       ;
+---------------------------------+--------------------+------+-----------------------------------------+


+--------------------------------------------------------------------------------------------------------+
; Source assignments for buffer:green_buffer|altsyncram:framebuffer_rtl_0|altsyncram_eql1:auto_generated ;
+---------------------------------+--------------------+------+------------------------------------------+
; Assignment                      ; Value              ; From ; To                                       ;
+---------------------------------+--------------------+------+------------------------------------------+
; OPTIMIZE_POWER_DURING_SYNTHESIS ; NORMAL_COMPILATION ; -    ; -                                        ;
+---------------------------------+--------------------+------+------------------------------------------+


+------------------------------------------------------------------------------------------------------+
; Source assignments for buffer:red_buffer|altsyncram:framebuffer_rtl_0|altsyncram_eql1:auto_generated ;
+---------------------------------+--------------------+------+----------------------------------------+
; Assignment                      ; Value              ; From ; To                                     ;
+---------------------------------+--------------------+------+----------------------------------------+
; OPTIMIZE_POWER_DURING_SYNTHESIS ; NORMAL_COMPILATION ; -    ; -                                      ;
+---------------------------------+--------------------+------+----------------------------------------+


+----------------------------------------------------------------------+
; Parameter Settings for User Entity Instance: Top-level Entity: |main ;
+----------------+------------------------+----------------------------+
; Parameter Name ; Value                  ; Type                       ;
+----------------+------------------------+----------------------------+
; SIZE           ; 0001000                ; Unsigned Binary            ;
; STEP           ; 0000100                ; Unsigned Binary            ;
; W_RES          ; 01010000000            ; Unsigned Binary            ;
; H_RES          ; 00111100000            ; Unsigned Binary            ;
; DIVISOR        ; 0111101000010010000000 ; Unsigned Binary            ;
+----------------+------------------------+----------------------------+
Note: In order to hide this table in the UI and the text report file, please set the "Show Parameter Settings in Synthesis Report" option in "Analysis and Synthesis Settings -> More Settings" to "Off".


+--------------------------------------------------------------------------------------------------+
; Parameter Settings for Inferred Entity Instance: buffer:blue_buffer|altsyncram:framebuffer_rtl_0 ;
+------------------------------------+----------------------+--------------------------------------+
; Parameter Name                     ; Value                ; Type                                 ;
+------------------------------------+----------------------+--------------------------------------+
; BYTE_SIZE_BLOCK                    ; 8                    ; Untyped                              ;
; AUTO_CARRY_CHAINS                  ; ON                   ; AUTO_CARRY                           ;
; IGNORE_CARRY_BUFFERS               ; OFF                  ; IGNORE_CARRY                         ;
; AUTO_CASCADE_CHAINS                ; ON                   ; AUTO_CASCADE                         ;
; IGNORE_CASCADE_BUFFERS             ; OFF                  ; IGNORE_CASCADE                       ;
; WIDTH_BYTEENA                      ; 1                    ; Untyped                              ;
; OPERATION_MODE                     ; DUAL_PORT            ; Untyped                              ;
; WIDTH_A                            ; 8                    ; Untyped                              ;
; WIDTHAD_A                          ; 17                   ; Untyped                              ;
; NUMWORDS_A                         ; 76800                ; Untyped                              ;
; OUTDATA_REG_A                      ; UNREGISTERED         ; Untyped                              ;
; ADDRESS_ACLR_A                     ; NONE                 ; Untyped                              ;
; OUTDATA_ACLR_A                     ; NONE                 ; Untyped                              ;
; WRCONTROL_ACLR_A                   ; NONE                 ; Untyped                              ;
; INDATA_ACLR_A                      ; NONE                 ; Untyped                              ;
; BYTEENA_ACLR_A                     ; NONE                 ; Untyped                              ;
; WIDTH_B                            ; 8                    ; Untyped                              ;
; WIDTHAD_B                          ; 17                   ; Untyped                              ;
; NUMWORDS_B                         ; 76800                ; Untyped                              ;
; INDATA_REG_B                       ; CLOCK1               ; Untyped                              ;
; WRCONTROL_WRADDRESS_REG_B          ; CLOCK1               ; Untyped                              ;
; RDCONTROL_REG_B                    ; CLOCK0               ; Untyped                              ;
; ADDRESS_REG_B                      ; CLOCK0               ; Untyped                              ;
; OUTDATA_REG_B                      ; UNREGISTERED         ; Untyped                              ;
; BYTEENA_REG_B                      ; CLOCK1               ; Untyped                              ;
; INDATA_ACLR_B                      ; NONE                 ; Untyped                              ;
; WRCONTROL_ACLR_B                   ; NONE                 ; Untyped                              ;
; ADDRESS_ACLR_B                     ; NONE                 ; Untyped                              ;
; OUTDATA_ACLR_B                     ; NONE                 ; Untyped                              ;
; RDCONTROL_ACLR_B                   ; NONE                 ; Untyped                              ;
; BYTEENA_ACLR_B                     ; NONE                 ; Untyped                              ;
; WIDTH_BYTEENA_A                    ; 1                    ; Untyped                              ;
; WIDTH_BYTEENA_B                    ; 1                    ; Untyped                              ;
; RAM_BLOCK_TYPE                     ; AUTO                 ; Untyped                              ;
; BYTE_SIZE                          ; 8                    ; Untyped                              ;
; READ_DURING_WRITE_MODE_MIXED_PORTS ; DONT_CARE            ; Untyped                              ;
; READ_DURING_WRITE_MODE_PORT_A      ; NEW_DATA_NO_NBE_READ ; Untyped                              ;
; READ_DURING_WRITE_MODE_PORT_B      ; NEW_DATA_NO_NBE_READ ; Untyped                              ;
; INIT_FILE                          ; UNUSED               ; Untyped                              ;
; INIT_FILE_LAYOUT                   ; PORT_A               ; Untyped                              ;
; MAXIMUM_DEPTH                      ; 0                    ; Untyped                              ;
; CLOCK_ENABLE_INPUT_A               ; NORMAL               ; Untyped                              ;
; CLOCK_ENABLE_INPUT_B               ; NORMAL               ; Untyped                              ;
; CLOCK_ENABLE_OUTPUT_A              ; NORMAL               ; Untyped                              ;
; CLOCK_ENABLE_OUTPUT_B              ; NORMAL               ; Untyped                              ;
; CLOCK_ENABLE_CORE_A                ; USE_INPUT_CLKEN      ; Untyped                              ;
; CLOCK_ENABLE_CORE_B                ; USE_INPUT_CLKEN      ; Untyped                              ;
; ENABLE_ECC                         ; FALSE                ; Untyped                              ;
; ECC_PIPELINE_STAGE_ENABLED         ; FALSE                ; Untyped                              ;
; WIDTH_ECCSTATUS                    ; 3                    ; Untyped                              ;
; DEVICE_FAMILY                      ; Cyclone V            ; Untyped                              ;
; CBXI_PARAMETER                     ; altsyncram_eql1      ; Untyped                              ;
+------------------------------------+----------------------+--------------------------------------+
Note: In order to hide this table in the UI and the text report file, please set the "Show Parameter Settings in Synthesis Report" option in "Analysis and Synthesis Settings -> More Settings" to "Off".


+---------------------------------------------------------------------------------------------------+
; Parameter Settings for Inferred Entity Instance: buffer:green_buffer|altsyncram:framebuffer_rtl_0 ;
+------------------------------------+----------------------+---------------------------------------+
; Parameter Name                     ; Value                ; Type                                  ;
+------------------------------------+----------------------+---------------------------------------+
; BYTE_SIZE_BLOCK                    ; 8                    ; Untyped                               ;
; AUTO_CARRY_CHAINS                  ; ON                   ; AUTO_CARRY                            ;
; IGNORE_CARRY_BUFFERS               ; OFF                  ; IGNORE_CARRY                          ;
; AUTO_CASCADE_CHAINS                ; ON                   ; AUTO_CASCADE                          ;
; IGNORE_CASCADE_BUFFERS             ; OFF                  ; IGNORE_CASCADE                        ;
; WIDTH_BYTEENA                      ; 1                    ; Untyped                               ;
; OPERATION_MODE                     ; DUAL_PORT            ; Untyped                               ;
; WIDTH_A                            ; 8                    ; Untyped                               ;
; WIDTHAD_A                          ; 17                   ; Untyped                               ;
; NUMWORDS_A                         ; 76800                ; Untyped                               ;
; OUTDATA_REG_A                      ; UNREGISTERED         ; Untyped                               ;
; ADDRESS_ACLR_A                     ; NONE                 ; Untyped                               ;
; OUTDATA_ACLR_A                     ; NONE                 ; Untyped                               ;
; WRCONTROL_ACLR_A                   ; NONE                 ; Untyped                               ;
; INDATA_ACLR_A                      ; NONE                 ; Untyped                               ;
; BYTEENA_ACLR_A                     ; NONE                 ; Untyped                               ;
; WIDTH_B                            ; 8                    ; Untyped                               ;
; WIDTHAD_B                          ; 17                   ; Untyped                               ;
; NUMWORDS_B                         ; 76800                ; Untyped                               ;
; INDATA_REG_B                       ; CLOCK1               ; Untyped                               ;
; WRCONTROL_WRADDRESS_REG_B          ; CLOCK1               ; Untyped                               ;
; RDCONTROL_REG_B                    ; CLOCK0               ; Untyped                               ;
; ADDRESS_REG_B                      ; CLOCK0               ; Untyped                               ;
; OUTDATA_REG_B                      ; UNREGISTERED         ; Untyped                               ;
; BYTEENA_REG_B                      ; CLOCK1               ; Untyped                               ;
; INDATA_ACLR_B                      ; NONE                 ; Untyped                               ;
; WRCONTROL_ACLR_B                   ; NONE                 ; Untyped                               ;
; ADDRESS_ACLR_B                     ; NONE                 ; Untyped                               ;
; OUTDATA_ACLR_B                     ; NONE                 ; Untyped                               ;
; RDCONTROL_ACLR_B                   ; NONE                 ; Untyped                               ;
; BYTEENA_ACLR_B                     ; NONE                 ; Untyped                               ;
; WIDTH_BYTEENA_A                    ; 1                    ; Untyped                               ;
; WIDTH_BYTEENA_B                    ; 1                    ; Untyped                               ;
; RAM_BLOCK_TYPE                     ; AUTO                 ; Untyped                               ;
; BYTE_SIZE                          ; 8                    ; Untyped                               ;
; READ_DURING_WRITE_MODE_MIXED_PORTS ; DONT_CARE            ; Untyped                               ;
; READ_DURING_WRITE_MODE_PORT_A      ; NEW_DATA_NO_NBE_READ ; Untyped                               ;
; READ_DURING_WRITE_MODE_PORT_B      ; NEW_DATA_NO_NBE_READ ; Untyped                               ;
; INIT_FILE                          ; UNUSED               ; Untyped                               ;
; INIT_FILE_LAYOUT                   ; PORT_A               ; Untyped                               ;
; MAXIMUM_DEPTH                      ; 0                    ; Untyped                               ;
; CLOCK_ENABLE_INPUT_A               ; NORMAL               ; Untyped                               ;
; CLOCK_ENABLE_INPUT_B               ; NORMAL               ; Untyped                               ;
; CLOCK_ENABLE_OUTPUT_A              ; NORMAL               ; Untyped                               ;
; CLOCK_ENABLE_OUTPUT_B              ; NORMAL               ; Untyped                               ;
; CLOCK_ENABLE_CORE_A                ; USE_INPUT_CLKEN      ; Untyped                               ;
; CLOCK_ENABLE_CORE_B                ; USE_INPUT_CLKEN      ; Untyped                               ;
; ENABLE_ECC                         ; FALSE                ; Untyped                               ;
; ECC_PIPELINE_STAGE_ENABLED         ; FALSE                ; Untyped                               ;
; WIDTH_ECCSTATUS                    ; 3                    ; Untyped                               ;
; DEVICE_FAMILY                      ; Cyclone V            ; Untyped                               ;
; CBXI_PARAMETER                     ; altsyncram_eql1      ; Untyped                               ;
+------------------------------------+----------------------+---------------------------------------+
Note: In order to hide this table in the UI and the text report file, please set the "Show Parameter Settings in Synthesis Report" option in "Analysis and Synthesis Settings -> More Settings" to "Off".


+-------------------------------------------------------------------------------------------------+
; Parameter Settings for Inferred Entity Instance: buffer:red_buffer|altsyncram:framebuffer_rtl_0 ;
+------------------------------------+----------------------+-------------------------------------+
; Parameter Name                     ; Value                ; Type                                ;
+------------------------------------+----------------------+-------------------------------------+
; BYTE_SIZE_BLOCK                    ; 8                    ; Untyped                             ;
; AUTO_CARRY_CHAINS                  ; ON                   ; AUTO_CARRY                          ;
; IGNORE_CARRY_BUFFERS               ; OFF                  ; IGNORE_CARRY                        ;
; AUTO_CASCADE_CHAINS                ; ON                   ; AUTO_CASCADE                        ;
; IGNORE_CASCADE_BUFFERS             ; OFF                  ; IGNORE_CASCADE                      ;
; WIDTH_BYTEENA                      ; 1                    ; Untyped                             ;
; OPERATION_MODE                     ; DUAL_PORT            ; Untyped                             ;
; WIDTH_A                            ; 8                    ; Untyped                             ;
; WIDTHAD_A                          ; 17                   ; Untyped                             ;
; NUMWORDS_A                         ; 76800                ; Untyped                             ;
; OUTDATA_REG_A                      ; UNREGISTERED         ; Untyped                             ;
; ADDRESS_ACLR_A                     ; NONE                 ; Untyped                             ;
; OUTDATA_ACLR_A                     ; NONE                 ; Untyped                             ;
; WRCONTROL_ACLR_A                   ; NONE                 ; Untyped                             ;
; INDATA_ACLR_A                      ; NONE                 ; Untyped                             ;
; BYTEENA_ACLR_A                     ; NONE                 ; Untyped                             ;
; WIDTH_B                            ; 8                    ; Untyped                             ;
; WIDTHAD_B                          ; 17                   ; Untyped                             ;
; NUMWORDS_B                         ; 76800                ; Untyped                             ;
; INDATA_REG_B                       ; CLOCK1               ; Untyped                             ;
; WRCONTROL_WRADDRESS_REG_B          ; CLOCK1               ; Untyped                             ;
; RDCONTROL_REG_B                    ; CLOCK0               ; Untyped                             ;
; ADDRESS_REG_B                      ; CLOCK0               ; Untyped                             ;
; OUTDATA_REG_B                      ; UNREGISTERED         ; Untyped                             ;
; BYTEENA_REG_B                      ; CLOCK1               ; Untyped                             ;
; INDATA_ACLR_B                      ; NONE                 ; Untyped                             ;
; WRCONTROL_ACLR_B                   ; NONE                 ; Untyped                             ;
; ADDRESS_ACLR_B                     ; NONE                 ; Untyped                             ;
; OUTDATA_ACLR_B                     ; NONE                 ; Untyped                             ;
; RDCONTROL_ACLR_B                   ; NONE                 ; Untyped                             ;
; BYTEENA_ACLR_B                     ; NONE                 ; Untyped                             ;
; WIDTH_BYTEENA_A                    ; 1                    ; Untyped                             ;
; WIDTH_BYTEENA_B                    ; 1                    ; Untyped                             ;
; RAM_BLOCK_TYPE                     ; AUTO                 ; Untyped                             ;
; BYTE_SIZE                          ; 8                    ; Untyped                             ;
; READ_DURING_WRITE_MODE_MIXED_PORTS ; DONT_CARE            ; Untyped                             ;
; READ_DURING_WRITE_MODE_PORT_A      ; NEW_DATA_NO_NBE_READ ; Untyped                             ;
; READ_DURING_WRITE_MODE_PORT_B      ; NEW_DATA_NO_NBE_READ ; Untyped                             ;
; INIT_FILE                          ; UNUSED               ; Untyped                             ;
; INIT_FILE_LAYOUT                   ; PORT_A               ; Untyped                             ;
; MAXIMUM_DEPTH                      ; 0                    ; Untyped                             ;
; CLOCK_ENABLE_INPUT_A               ; NORMAL               ; Untyped                             ;
; CLOCK_ENABLE_INPUT_B               ; NORMAL               ; Untyped                             ;
; CLOCK_ENABLE_OUTPUT_A              ; NORMAL               ; Untyped                             ;
; CLOCK_ENABLE_OUTPUT_B              ; NORMAL               ; Untyped                             ;
; CLOCK_ENABLE_CORE_A                ; USE_INPUT_CLKEN      ; Untyped                             ;
; CLOCK_ENABLE_CORE_B                ; USE_INPUT_CLKEN      ; Untyped                             ;
; ENABLE_ECC                         ; FALSE                ; Untyped                             ;
; ECC_PIPELINE_STAGE_ENABLED         ; FALSE                ; Untyped                             ;
; WIDTH_ECCSTATUS                    ; 3                    ; Untyped                             ;
; DEVICE_FAMILY                      ; Cyclone V            ; Untyped                             ;
; CBXI_PARAMETER                     ; altsyncram_eql1      ; Untyped                             ;
+------------------------------------+----------------------+-------------------------------------+
Note: In order to hide this table in the UI and the text report file, please set the "Show Parameter Settings in Synthesis Report" option in "Analysis and Synthesis Settings -> More Settings" to "Off".


+----------------------------------------------------------------------------------------------+
; altsyncram Parameter Settings by Entity Instance                                             ;
+-------------------------------------------+--------------------------------------------------+
; Name                                      ; Value                                            ;
+-------------------------------------------+--------------------------------------------------+
; Number of entity instances                ; 3                                                ;
; Entity Instance                           ; buffer:blue_buffer|altsyncram:framebuffer_rtl_0  ;
;     -- OPERATION_MODE                     ; DUAL_PORT                                        ;
;     -- WIDTH_A                            ; 8                                                ;
;     -- NUMWORDS_A                         ; 76800                                            ;
;     -- OUTDATA_REG_A                      ; UNREGISTERED                                     ;
;     -- WIDTH_B                            ; 8                                                ;
;     -- NUMWORDS_B                         ; 76800                                            ;
;     -- ADDRESS_REG_B                      ; CLOCK0                                           ;
;     -- OUTDATA_REG_B                      ; UNREGISTERED                                     ;
;     -- RAM_BLOCK_TYPE                     ; AUTO                                             ;
;     -- READ_DURING_WRITE_MODE_MIXED_PORTS ; DONT_CARE                                        ;
; Entity Instance                           ; buffer:green_buffer|altsyncram:framebuffer_rtl_0 ;
;     -- OPERATION_MODE                     ; DUAL_PORT                                        ;
;     -- WIDTH_A                            ; 8                                                ;
;     -- NUMWORDS_A                         ; 76800                                            ;
;     -- OUTDATA_REG_A                      ; UNREGISTERED                                     ;
;     -- WIDTH_B                            ; 8                                                ;
;     -- NUMWORDS_B                         ; 76800                                            ;
;     -- ADDRESS_REG_B                      ; CLOCK0                                           ;
;     -- OUTDATA_REG_B                      ; UNREGISTERED                                     ;
;     -- RAM_BLOCK_TYPE                     ; AUTO                                             ;
;     -- READ_DURING_WRITE_MODE_MIXED_PORTS ; DONT_CARE                                        ;
; Entity Instance                           ; buffer:red_buffer|altsyncram:framebuffer_rtl_0   ;
;     -- OPERATION_MODE                     ; DUAL_PORT                                        ;
;     -- WIDTH_A                            ; 8                                                ;
;     -- NUMWORDS_A                         ; 76800                                            ;
;     -- OUTDATA_REG_A                      ; UNREGISTERED                                     ;
;     -- WIDTH_B                            ; 8                                                ;
;     -- NUMWORDS_B                         ; 76800                                            ;
;     -- ADDRESS_REG_B                      ; CLOCK0                                           ;
;     -- OUTDATA_REG_B                      ; UNREGISTERED                                     ;
;     -- RAM_BLOCK_TYPE                     ; AUTO                                             ;
;     -- READ_DURING_WRITE_MODE_MIXED_PORTS ; DONT_CARE                                        ;
+-------------------------------------------+--------------------------------------------------+


+------------------------------------------------------------+
; Port Connectivity Checks: "pinta_cursor:inst_pinta_cursor" ;
+------------+-------+----------+----------------------------+
; Port       ; Type  ; Severity ; Details                    ;
+------------+-------+----------+----------------------------+
; SIZE[6..4] ; Input ; Info     ; Stuck at GND               ;
; SIZE[2..0] ; Input ; Info     ; Stuck at GND               ;
; SIZE[3]    ; Input ; Info     ; Stuck at VCC               ;
+------------+-------+----------+----------------------------+


+-----------------------------------------------------+
; Post-Synthesis Netlist Statistics for Top Partition ;
+-----------------------+-----------------------------+
; Type                  ; Count                       ;
+-----------------------+-----------------------------+
; arriav_ff             ; 358                         ;
;     ENA               ; 159                         ;
;     ENA SCLR          ; 50                          ;
;     ENA SLD           ; 11                          ;
;     SCLR              ; 67                          ;
;     SLD               ; 33                          ;
;     plain             ; 38                          ;
; arriav_lcell_comb     ; 704                         ;
;     arith             ; 236                         ;
;         0 data inputs ; 2                           ;
;         1 data inputs ; 167                         ;
;         2 data inputs ; 19                          ;
;         3 data inputs ; 16                          ;
;         4 data inputs ; 13                          ;
;         5 data inputs ; 19                          ;
;     normal            ; 435                         ;
;         0 data inputs ; 2                           ;
;         1 data inputs ; 5                           ;
;         2 data inputs ; 27                          ;
;         3 data inputs ; 43                          ;
;         4 data inputs ; 68                          ;
;         5 data inputs ; 114                         ;
;         6 data inputs ; 176                         ;
;     shared            ; 33                          ;
;         1 data inputs ; 3                           ;
;         2 data inputs ; 24                          ;
;         3 data inputs ; 6                           ;
; boundary_port         ; 86                          ;
; stratixv_ram_block    ; 240                         ;
;                       ;                             ;
; Max LUT depth         ; 6.70                        ;
; Average LUT depth     ; 3.76                        ;
+-----------------------+-----------------------------+


+-------------------------------+
; Elapsed Time Per Partition    ;
+----------------+--------------+
; Partition Name ; Elapsed Time ;
+----------------+--------------+
; Top            ; 00:00:06     ;
+----------------+--------------+


+-------------------------------+
; Analysis & Synthesis Messages ;
+-------------------------------+
Info: *******************************************************************
Info: Running Quartus Prime Analysis & Synthesis
    Info: Version 17.1.0 Build 590 10/25/2017 SJ Lite Edition
    Info: Processing started: Tue Jun 11 11:59:09 2024
Info: Command: quartus_map --read_settings_files=on --write_settings_files=off projeto -c main
Warning (18236): Number of processors has not been specified which may cause overloading on shared machines.  Set the global assignment NUM_PARALLEL_PROCESSORS in your QSF to an appropriate value for best performance.
Info (20030): Parallel compilation is enabled and will use 4 of the 4 processors detected
Info (12021): Found 1 design units, including 1 entities, in source file zera_buffer.v
    Info (12023): Found entity 1: zera_buffer File: C:/Users/vilem/Desktop/apresentação_613/2024s1-mc613-projeto-triunvirato/zera_buffer.v Line: 1
Info (12021): Found 1 design units, including 1 entities, in source file vga.v
    Info (12023): Found entity 1: vga File: C:/Users/vilem/Desktop/apresentação_613/2024s1-mc613-projeto-triunvirato/vga.v Line: 1
Info (12021): Found 1 design units, including 1 entities, in source file pinta_cursor.v
    Info (12023): Found entity 1: pinta_cursor File: C:/Users/vilem/Desktop/apresentação_613/2024s1-mc613-projeto-triunvirato/pinta_cursor.v Line: 1
Info (12021): Found 1 design units, including 1 entities, in source file main.v
    Info (12023): Found entity 1: main File: C:/Users/vilem/Desktop/apresentação_613/2024s1-mc613-projeto-triunvirato/main.v Line: 1
Info (12021): Found 1 design units, including 1 entities, in source file display.v
    Info (12023): Found entity 1: display File: C:/Users/vilem/Desktop/apresentação_613/2024s1-mc613-projeto-triunvirato/display.v Line: 1
Info (12021): Found 1 design units, including 1 entities, in source file buffer.v
    Info (12023): Found entity 1: buffer File: C:/Users/vilem/Desktop/apresentação_613/2024s1-mc613-projeto-triunvirato/buffer.v Line: 1
Info (12127): Elaborating entity "main" for the top level hierarchy
Warning (10230): Verilog HDL assignment warning at main.v(174): truncated value with size 32 to match size of target (1) File: C:/Users/vilem/Desktop/apresentação_613/2024s1-mc613-projeto-triunvirato/main.v Line: 174
Warning (10230): Verilog HDL assignment warning at main.v(192): truncated value with size 32 to match size of target (8) File: C:/Users/vilem/Desktop/apresentação_613/2024s1-mc613-projeto-triunvirato/main.v Line: 192
Warning (10230): Verilog HDL assignment warning at main.v(193): truncated value with size 32 to match size of target (8) File: C:/Users/vilem/Desktop/apresentação_613/2024s1-mc613-projeto-triunvirato/main.v Line: 193
Warning (10230): Verilog HDL assignment warning at main.v(194): truncated value with size 32 to match size of target (8) File: C:/Users/vilem/Desktop/apresentação_613/2024s1-mc613-projeto-triunvirato/main.v Line: 194
Warning (10230): Verilog HDL assignment warning at main.v(204): truncated value with size 32 to match size of target (11) File: C:/Users/vilem/Desktop/apresentação_613/2024s1-mc613-projeto-triunvirato/main.v Line: 204
Warning (10230): Verilog HDL assignment warning at main.v(205): truncated value with size 32 to match size of target (11) File: C:/Users/vilem/Desktop/apresentação_613/2024s1-mc613-projeto-triunvirato/main.v Line: 205
Warning (10230): Verilog HDL assignment warning at main.v(213): truncated value with size 32 to match size of target (22) File: C:/Users/vilem/Desktop/apresentação_613/2024s1-mc613-projeto-triunvirato/main.v Line: 213
Info (10264): Verilog HDL Case Statement information at main.v(232): all case item expressions in this case statement are onehot File: C:/Users/vilem/Desktop/apresentação_613/2024s1-mc613-projeto-triunvirato/main.v Line: 232
Warning (10230): Verilog HDL assignment warning at main.v(300): truncated value with size 32 to match size of target (22) File: C:/Users/vilem/Desktop/apresentação_613/2024s1-mc613-projeto-triunvirato/main.v Line: 300
Warning (10230): Verilog HDL assignment warning at main.v(318): truncated value with size 32 to match size of target (1) File: C:/Users/vilem/Desktop/apresentação_613/2024s1-mc613-projeto-triunvirato/main.v Line: 318
Warning (10230): Verilog HDL assignment warning at main.v(319): truncated value with size 32 to match size of target (1) File: C:/Users/vilem/Desktop/apresentação_613/2024s1-mc613-projeto-triunvirato/main.v Line: 319
Warning (10230): Verilog HDL assignment warning at main.v(320): truncated value with size 32 to match size of target (1) File: C:/Users/vilem/Desktop/apresentação_613/2024s1-mc613-projeto-triunvirato/main.v Line: 320
Warning (10230): Verilog HDL assignment warning at main.v(321): truncated value with size 32 to match size of target (1) File: C:/Users/vilem/Desktop/apresentação_613/2024s1-mc613-projeto-triunvirato/main.v Line: 321
Warning (10230): Verilog HDL assignment warning at main.v(322): truncated value with size 32 to match size of target (1) File: C:/Users/vilem/Desktop/apresentação_613/2024s1-mc613-projeto-triunvirato/main.v Line: 322
Warning (10230): Verilog HDL assignment warning at main.v(323): truncated value with size 32 to match size of target (1) File: C:/Users/vilem/Desktop/apresentação_613/2024s1-mc613-projeto-triunvirato/main.v Line: 323
Info (12128): Elaborating entity "vga" for hierarchy "vga:vga_inst" File: C:/Users/vilem/Desktop/apresentação_613/2024s1-mc613-projeto-triunvirato/main.v Line: 98
Warning (10230): Verilog HDL assignment warning at vga.v(36): truncated value with size 32 to match size of target (1) File: C:/Users/vilem/Desktop/apresentação_613/2024s1-mc613-projeto-triunvirato/vga.v Line: 36
Warning (10230): Verilog HDL assignment warning at vga.v(37): truncated value with size 32 to match size of target (1) File: C:/Users/vilem/Desktop/apresentação_613/2024s1-mc613-projeto-triunvirato/vga.v Line: 37
Warning (10230): Verilog HDL assignment warning at vga.v(38): truncated value with size 32 to match size of target (1) File: C:/Users/vilem/Desktop/apresentação_613/2024s1-mc613-projeto-triunvirato/vga.v Line: 38
Warning (10230): Verilog HDL assignment warning at vga.v(40): truncated value with size 32 to match size of target (8) File: C:/Users/vilem/Desktop/apresentação_613/2024s1-mc613-projeto-triunvirato/vga.v Line: 40
Warning (10230): Verilog HDL assignment warning at vga.v(41): truncated value with size 32 to match size of target (8) File: C:/Users/vilem/Desktop/apresentação_613/2024s1-mc613-projeto-triunvirato/vga.v Line: 41
Warning (10230): Verilog HDL assignment warning at vga.v(42): truncated value with size 32 to match size of target (8) File: C:/Users/vilem/Desktop/apresentação_613/2024s1-mc613-projeto-triunvirato/vga.v Line: 42
Warning (10230): Verilog HDL assignment warning at vga.v(55): truncated value with size 32 to match size of target (11) File: C:/Users/vilem/Desktop/apresentação_613/2024s1-mc613-projeto-triunvirato/vga.v Line: 55
Warning (10230): Verilog HDL assignment warning at vga.v(58): truncated value with size 32 to match size of target (11) File: C:/Users/vilem/Desktop/apresentação_613/2024s1-mc613-projeto-triunvirato/vga.v Line: 58
Warning (10230): Verilog HDL assignment warning at vga.v(64): truncated value with size 32 to match size of target (11) File: C:/Users/vilem/Desktop/apresentação_613/2024s1-mc613-projeto-triunvirato/vga.v Line: 64
Warning (10230): Verilog HDL assignment warning at vga.v(65): truncated value with size 32 to match size of target (11) File: C:/Users/vilem/Desktop/apresentação_613/2024s1-mc613-projeto-triunvirato/vga.v Line: 65
Info (12128): Elaborating entity "buffer" for hierarchy "buffer:red_buffer" File: C:/Users/vilem/Desktop/apresentação_613/2024s1-mc613-projeto-triunvirato/main.v Line: 110
Info (12128): Elaborating entity "zera_buffer" for hierarchy "zera_buffer:inst_zera_buffer" File: C:/Users/vilem/Desktop/apresentação_613/2024s1-mc613-projeto-triunvirato/main.v Line: 141
Warning (10230): Verilog HDL assignment warning at zera_buffer.v(15): truncated value with size 32 to match size of target (11) File: C:/Users/vilem/Desktop/apresentação_613/2024s1-mc613-projeto-triunvirato/zera_buffer.v Line: 15
Warning (10230): Verilog HDL assignment warning at zera_buffer.v(18): truncated value with size 32 to match size of target (11) File: C:/Users/vilem/Desktop/apresentação_613/2024s1-mc613-projeto-triunvirato/zera_buffer.v Line: 18
Info (12128): Elaborating entity "pinta_cursor" for hierarchy "pinta_cursor:inst_pinta_cursor" File: C:/Users/vilem/Desktop/apresentação_613/2024s1-mc613-projeto-triunvirato/main.v Line: 151
Warning (10230): Verilog HDL assignment warning at pinta_cursor.v(23): truncated value with size 32 to match size of target (11) File: C:/Users/vilem/Desktop/apresentação_613/2024s1-mc613-projeto-triunvirato/pinta_cursor.v Line: 23
Warning (10230): Verilog HDL assignment warning at pinta_cursor.v(25): truncated value with size 32 to match size of target (11) File: C:/Users/vilem/Desktop/apresentação_613/2024s1-mc613-projeto-triunvirato/pinta_cursor.v Line: 25
Info (12128): Elaborating entity "display" for hierarchy "display:red_display" File: C:/Users/vilem/Desktop/apresentação_613/2024s1-mc613-projeto-triunvirato/main.v Line: 158
Warning (276020): Inferred RAM node "buffer:blue_buffer|framebuffer_rtl_0" from synchronous design logic.  Pass-through logic has been added to match the read-during-write behavior of the original design.
Warning (276020): Inferred RAM node "buffer:green_buffer|framebuffer_rtl_0" from synchronous design logic.  Pass-through logic has been added to match the read-during-write behavior of the original design.
Warning (276020): Inferred RAM node "buffer:red_buffer|framebuffer_rtl_0" from synchronous design logic.  Pass-through logic has been added to match the read-during-write behavior of the original design.
Info (19000): Inferred 3 megafunctions from design logic
    Info (276029): Inferred altsyncram megafunction from the following design logic: "buffer:blue_buffer|framebuffer_rtl_0" 
        Info (286033): Parameter OPERATION_MODE set to DUAL_PORT
        Info (286033): Parameter WIDTH_A set to 8
        Info (286033): Parameter WIDTHAD_A set to 17
        Info (286033): Parameter NUMWORDS_A set to 76800
        Info (286033): Parameter WIDTH_B set to 8
        Info (286033): Parameter WIDTHAD_B set to 17
        Info (286033): Parameter NUMWORDS_B set to 76800
        Info (286033): Parameter ADDRESS_ACLR_A set to NONE
        Info (286033): Parameter OUTDATA_REG_B set to UNREGISTERED
        Info (286033): Parameter ADDRESS_ACLR_B set to NONE
        Info (286033): Parameter OUTDATA_ACLR_B set to NONE
        Info (286033): Parameter ADDRESS_REG_B set to CLOCK0
        Info (286033): Parameter INDATA_ACLR_A set to NONE
        Info (286033): Parameter WRCONTROL_ACLR_A set to NONE
        Info (286033): Parameter RDCONTROL_REG_B set to CLOCK0
    Info (276029): Inferred altsyncram megafunction from the following design logic: "buffer:green_buffer|framebuffer_rtl_0" 
        Info (286033): Parameter OPERATION_MODE set to DUAL_PORT
        Info (286033): Parameter WIDTH_A set to 8
        Info (286033): Parameter WIDTHAD_A set to 17
        Info (286033): Parameter NUMWORDS_A set to 76800
        Info (286033): Parameter WIDTH_B set to 8
        Info (286033): Parameter WIDTHAD_B set to 17
        Info (286033): Parameter NUMWORDS_B set to 76800
        Info (286033): Parameter ADDRESS_ACLR_A set to NONE
        Info (286033): Parameter OUTDATA_REG_B set to UNREGISTERED
        Info (286033): Parameter ADDRESS_ACLR_B set to NONE
        Info (286033): Parameter OUTDATA_ACLR_B set to NONE
        Info (286033): Parameter ADDRESS_REG_B set to CLOCK0
        Info (286033): Parameter INDATA_ACLR_A set to NONE
        Info (286033): Parameter WRCONTROL_ACLR_A set to NONE
        Info (286033): Parameter RDCONTROL_REG_B set to CLOCK0
    Info (276029): Inferred altsyncram megafunction from the following design logic: "buffer:red_buffer|framebuffer_rtl_0" 
        Info (286033): Parameter OPERATION_MODE set to DUAL_PORT
        Info (286033): Parameter WIDTH_A set to 8
        Info (286033): Parameter WIDTHAD_A set to 17
        Info (286033): Parameter NUMWORDS_A set to 76800
        Info (286033): Parameter WIDTH_B set to 8
        Info (286033): Parameter WIDTHAD_B set to 17
        Info (286033): Parameter NUMWORDS_B set to 76800
        Info (286033): Parameter ADDRESS_ACLR_A set to NONE
        Info (286033): Parameter OUTDATA_REG_B set to UNREGISTERED
        Info (286033): Parameter ADDRESS_ACLR_B set to NONE
        Info (286033): Parameter OUTDATA_ACLR_B set to NONE
        Info (286033): Parameter ADDRESS_REG_B set to CLOCK0
        Info (286033): Parameter INDATA_ACLR_A set to NONE
        Info (286033): Parameter WRCONTROL_ACLR_A set to NONE
        Info (286033): Parameter RDCONTROL_REG_B set to CLOCK0
Info (12130): Elaborated megafunction instantiation "buffer:blue_buffer|altsyncram:framebuffer_rtl_0"
Info (12133): Instantiated megafunction "buffer:blue_buffer|altsyncram:framebuffer_rtl_0" with the following parameter:
    Info (12134): Parameter "OPERATION_MODE" = "DUAL_PORT"
    Info (12134): Parameter "WIDTH_A" = "8"
    Info (12134): Parameter "WIDTHAD_A" = "17"
    Info (12134): Parameter "NUMWORDS_A" = "76800"
    Info (12134): Parameter "WIDTH_B" = "8"
    Info (12134): Parameter "WIDTHAD_B" = "17"
    Info (12134): Parameter "NUMWORDS_B" = "76800"
    Info (12134): Parameter "ADDRESS_ACLR_A" = "NONE"
    Info (12134): Parameter "OUTDATA_REG_B" = "UNREGISTERED"
    Info (12134): Parameter "ADDRESS_ACLR_B" = "NONE"
    Info (12134): Parameter "OUTDATA_ACLR_B" = "NONE"
    Info (12134): Parameter "ADDRESS_REG_B" = "CLOCK0"
    Info (12134): Parameter "INDATA_ACLR_A" = "NONE"
    Info (12134): Parameter "WRCONTROL_ACLR_A" = "NONE"
    Info (12134): Parameter "RDCONTROL_REG_B" = "CLOCK0"
Info (12021): Found 1 design units, including 1 entities, in source file db/altsyncram_eql1.tdf
    Info (12023): Found entity 1: altsyncram_eql1 File: C:/Users/vilem/Desktop/apresentação_613/2024s1-mc613-projeto-triunvirato/db/altsyncram_eql1.tdf Line: 31
Info (12021): Found 1 design units, including 1 entities, in source file db/decode_nma.tdf
    Info (12023): Found entity 1: decode_nma File: C:/Users/vilem/Desktop/apresentação_613/2024s1-mc613-projeto-triunvirato/db/decode_nma.tdf Line: 22
Info (12021): Found 1 design units, including 1 entities, in source file db/mux_7hb.tdf
    Info (12023): Found entity 1: mux_7hb File: C:/Users/vilem/Desktop/apresentação_613/2024s1-mc613-projeto-triunvirato/db/mux_7hb.tdf Line: 22
Warning (13024): Output pins are stuck at VCC or GND
    Warning (13410): Pin "VGA_BLANK_N" is stuck at VCC File: C:/Users/vilem/Desktop/apresentação_613/2024s1-mc613-projeto-triunvirato/main.v Line: 17
    Warning (13410): Pin "VGA_SYNC_N" is stuck at VCC File: C:/Users/vilem/Desktop/apresentação_613/2024s1-mc613-projeto-triunvirato/main.v Line: 18
    Warning (13410): Pin "HEX0[0]" is stuck at GND File: C:/Users/vilem/Desktop/apresentação_613/2024s1-mc613-projeto-triunvirato/main.v Line: 23
    Warning (13410): Pin "HEX0[4]" is stuck at GND File: C:/Users/vilem/Desktop/apresentação_613/2024s1-mc613-projeto-triunvirato/main.v Line: 23
    Warning (13410): Pin "HEX0[5]" is stuck at GND File: C:/Users/vilem/Desktop/apresentação_613/2024s1-mc613-projeto-triunvirato/main.v Line: 23
    Warning (13410): Pin "HEX2[0]" is stuck at GND File: C:/Users/vilem/Desktop/apresentação_613/2024s1-mc613-projeto-triunvirato/main.v Line: 25
    Warning (13410): Pin "HEX2[4]" is stuck at GND File: C:/Users/vilem/Desktop/apresentação_613/2024s1-mc613-projeto-triunvirato/main.v Line: 25
    Warning (13410): Pin "HEX2[5]" is stuck at GND File: C:/Users/vilem/Desktop/apresentação_613/2024s1-mc613-projeto-triunvirato/main.v Line: 25
    Warning (13410): Pin "HEX4[0]" is stuck at GND File: C:/Users/vilem/Desktop/apresentação_613/2024s1-mc613-projeto-triunvirato/main.v Line: 27
    Warning (13410): Pin "HEX4[4]" is stuck at GND File: C:/Users/vilem/Desktop/apresentação_613/2024s1-mc613-projeto-triunvirato/main.v Line: 27
    Warning (13410): Pin "HEX4[5]" is stuck at GND File: C:/Users/vilem/Desktop/apresentação_613/2024s1-mc613-projeto-triunvirato/main.v Line: 27
Info (286030): Timing-Driven Synthesis is running
Info (17049): 2 registers lost all their fanouts during netlist optimizations.
Info (16010): Generating hard_block partition "hard_block:auto_generated_inst"
    Info (16011): Adding 0 node(s), including 0 DDIO, 0 PLL, 0 transceiver and 0 LCELL
Info (21057): Implemented 1288 device resources after synthesis - the final resource count might be different
    Info (21058): Implemented 15 input pins
    Info (21059): Implemented 71 output pins
    Info (21061): Implemented 962 logic cells
    Info (21064): Implemented 240 RAM segments
Info: Quartus Prime Analysis & Synthesis was successful. 0 errors, 44 warnings
    Info: Peak virtual memory: 4878 megabytes
    Info: Processing ended: Tue Jun 11 11:59:35 2024
    Info: Elapsed time: 00:00:26
    Info: Total CPU time (on all processors): 00:00:25


